\BOOKMARK [1][-]{section.1}{Gii thiu ng dung chat}{}% 1
\BOOKMARK [1][-]{section.2}{C\341c chc nang c ban cua ng dung}{}% 2
\BOOKMARK [2][-]{subsection.2.1}{\320ang k\375 ngi d\371ng}{section.2}% 3
\BOOKMARK [2][-]{subsection.2.2}{Gi v\340 nhn tin nhn}{section.2}% 4
\BOOKMARK [2][-]{subsection.2.3}{Gi v\340 nhn file}{section.2}% 5
\BOOKMARK [2][-]{subsection.2.4}{Xem trang th\341i cua th\340nh vi\352n kh\341c}{section.2}% 6
\BOOKMARK [1][-]{section.3}{C\341c chc nang m rng cua ng dung}{}% 7
\BOOKMARK [2][-]{subsection.3.1}{Quan l\375 t\340i khoan c\341 nh\342n}{section.3}% 8
\BOOKMARK [3][-]{subsubsection.3.1.1}{\320ang k\375}{subsection.3.1}% 9
\BOOKMARK [3][-]{subsubsection.3.1.2}{\320ang nhp | \320ang xut}{subsection.3.1}% 10
\BOOKMARK [3][-]{subsubsection.3.1.3}{Qu\352n mt khu}{subsection.3.1}% 11
\BOOKMARK [3][-]{subsubsection.3.1.4}{Thay i mt khu}{subsection.3.1}% 12
\BOOKMARK [3][-]{subsubsection.3.1.5}{Trang th\341i online/offline}{subsection.3.1}% 13
\BOOKMARK [2][-]{subsection.3.2}{Quan l\375 ph\362ng chat}{section.3}% 14
\BOOKMARK [3][-]{subsubsection.3.2.1}{Tao ph\362ng chat}{subsection.3.2}% 15
\BOOKMARK [3][-]{subsubsection.3.2.2}{Th\352m ngi v\340o ph\362ng chat}{subsection.3.2}% 16
\BOOKMARK [2][-]{subsection.3.3}{Quan l\375 tin nhn v\340 file}{section.3}% 17
\BOOKMARK [1][-]{section.4}{Thit k ng dung}{}% 18
\BOOKMARK [2][-]{subsection.4.1}{Lung ch\355nh}{section.4}% 19
\BOOKMARK [2][-]{subsection.4.2}{Quan l\375 ngi d\371ng}{section.4}% 20
\BOOKMARK [2][-]{subsection.4.3}{Quan l\375 chat}{section.4}% 21
\BOOKMARK [1][-]{section.5}{Kt qua hin thc}{}% 22
\BOOKMARK [2][-]{subsection.5.1}{u im}{section.5}% 23
\BOOKMARK [2][-]{subsection.5.2}{Khuyt im}{section.5}% 24
\BOOKMARK [1][-]{section.6}{Hng dn s dung ng dung}{}% 25
\BOOKMARK [2][-]{subsection.6.1}{\320ang k\375 t\340i khoan}{section.6}% 26
\BOOKMARK [2][-]{subsection.6.2}{\320ang nhp | \320ang xut}{section.6}% 27
\BOOKMARK [2][-]{subsection.6.3}{Qu\352n mt khu}{section.6}% 28
\BOOKMARK [2][-]{subsection.6.4}{Thay i mt khu}{section.6}% 29
\BOOKMARK [2][-]{subsection.6.5}{Tao ph\362ng chat}{section.6}% 30
\BOOKMARK [2][-]{subsection.6.6}{Th\352m ban b\350 v\340o ph\362ng chat}{section.6}% 31
\BOOKMARK [2][-]{subsection.6.7}{V\340o ph\362ng chat}{section.6}% 32
\BOOKMARK [2][-]{subsection.6.8}{Gi v\340 nhn tin nhn}{section.6}% 33
\BOOKMARK [2][-]{subsection.6.9}{Gi v\340 nhn file}{section.6}% 34
\BOOKMARK [2][-]{subsection.6.10}{Xem trang th\341i cua th\340nh vi\352n kh\341c}{section.6}% 35
